[DEBUG] [2018-04-21 22:03:30][org.mybatis.generator.internal.db.DatabaseIntrospector]Retrieving column information for table "wp_users"
 [DEBUG] [2018-04-21 22:03:30][org.mybatis.generator.internal.db.DatabaseIntrospector]Found column "id", data type 12, in table "mysql..wp_users"
 [DEBUG] [2018-04-21 22:03:30][org.mybatis.generator.internal.db.DatabaseIntrospector]Found column "userId", data type 12, in table "mysql..wp_users"
 [DEBUG] [2018-04-21 22:03:30][org.mybatis.generator.internal.db.DatabaseIntrospector]Found column "editTime", data type 12, in table "mysql..wp_users"
 [DEBUG] [2018-04-21 22:03:30][org.mybatis.generator.internal.db.DatabaseIntrospector]Found column "delFlag", data type 12, in table "mysql..wp_users"
 [DEBUG] [2018-04-21 22:03:30][org.mybatis.generator.internal.db.DatabaseIntrospector]Found column "userCode", data type 12, in table "mysql..wp_users"
 [DEBUG] [2018-04-21 22:03:30][org.mybatis.generator.internal.db.DatabaseIntrospector]Found column "userName", data type 12, in table "mysql..wp_users"
 [DEBUG] [2018-04-21 22:03:30][org.mybatis.generator.internal.db.DatabaseIntrospector]Found column "loginName", data type 12, in table "mysql..wp_users"
 [DEBUG] [2018-04-21 22:03:30][org.mybatis.generator.internal.db.DatabaseIntrospector]Found column "passCode", data type 12, in table "mysql..wp_users"
 [DEBUG] [2018-04-21 22:03:30][org.mybatis.generator.internal.db.DatabaseIntrospector]Found column "isEanble", data type 12, in table "mysql..wp_users"
 [DEBUG] [2018-04-21 22:07:52][org.mybatis.generator.internal.db.DatabaseIntrospector]Retrieving column information for table "wp_users"
 [DEBUG] [2018-04-21 22:07:52][org.mybatis.generator.internal.db.DatabaseIntrospector]Found column "id", data type 12, in table "mysql..wp_users"
 [DEBUG] [2018-04-21 22:07:52][org.mybatis.generator.internal.db.DatabaseIntrospector]Found column "userId", data type 12, in table "mysql..wp_users"
 [DEBUG] [2018-04-21 22:07:52][org.mybatis.generator.internal.db.DatabaseIntrospector]Found column "editTime", data type 12, in table "mysql..wp_users"
 [DEBUG] [2018-04-21 22:07:52][org.mybatis.generator.internal.db.DatabaseIntrospector]Found column "delFlag", data type 12, in table "mysql..wp_users"
 [DEBUG] [2018-04-21 22:07:52][org.mybatis.generator.internal.db.DatabaseIntrospector]Found column "userCode", data type 12, in table "mysql..wp_users"
 [DEBUG] [2018-04-21 22:07:52][org.mybatis.generator.internal.db.DatabaseIntrospector]Found column "userName", data type 12, in table "mysql..wp_users"
 [DEBUG] [2018-04-21 22:07:52][org.mybatis.generator.internal.db.DatabaseIntrospector]Found column "loginName", data type 12, in table "mysql..wp_users"
 [DEBUG] [2018-04-21 22:07:52][org.mybatis.generator.internal.db.DatabaseIntrospector]Found column "passCode", data type 12, in table "mysql..wp_users"
 [DEBUG] [2018-04-21 22:07:52][org.mybatis.generator.internal.db.DatabaseIntrospector]Found column "isEanble", data type 12, in table "mysql..wp_users"
 [DEBUG] [2018-04-21 22:16:28][org.mybatis.generator.internal.db.DatabaseIntrospector]Retrieving column information for table "wp_users"
 [DEBUG] [2018-04-21 22:16:28][org.mybatis.generator.internal.db.DatabaseIntrospector]Found column "id", data type 12, in table "mysql..wp_users"
 [DEBUG] [2018-04-21 22:16:28][org.mybatis.generator.internal.db.DatabaseIntrospector]Found column "userId", data type 12, in table "mysql..wp_users"
 [DEBUG] [2018-04-21 22:16:28][org.mybatis.generator.internal.db.DatabaseIntrospector]Found column "editTime", data type 12, in table "mysql..wp_users"
 [DEBUG] [2018-04-21 22:16:28][org.mybatis.generator.internal.db.DatabaseIntrospector]Found column "delFlag", data type 12, in table "mysql..wp_users"
 [DEBUG] [2018-04-21 22:16:28][org.mybatis.generator.internal.db.DatabaseIntrospector]Found column "userCode", data type 12, in table "mysql..wp_users"
 [DEBUG] [2018-04-21 22:16:28][org.mybatis.generator.internal.db.DatabaseIntrospector]Found column "userName", data type 12, in table "mysql..wp_users"
 [DEBUG] [2018-04-21 22:16:28][org.mybatis.generator.internal.db.DatabaseIntrospector]Found column "loginName", data type 12, in table "mysql..wp_users"
 [DEBUG] [2018-04-21 22:16:28][org.mybatis.generator.internal.db.DatabaseIntrospector]Found column "passCode", data type 12, in table "mysql..wp_users"
 [DEBUG] [2018-04-21 22:16:28][org.mybatis.generator.internal.db.DatabaseIntrospector]Found column "isEanble", data type 12, in table "mysql..wp_users"
 [DEBUG] [2018-04-21 22:16:28][org.mybatis.generator.internal.db.DatabaseIntrospector]Retrieving column information for table "wp_roles"
 [DEBUG] [2018-04-21 22:16:28][org.mybatis.generator.internal.db.DatabaseIntrospector]Found column "id", data type 12, in table "mysql..wp_roles"
 [DEBUG] [2018-04-21 22:16:28][org.mybatis.generator.internal.db.DatabaseIntrospector]Found column "userId", data type 12, in table "mysql..wp_roles"
 [DEBUG] [2018-04-21 22:16:28][org.mybatis.generator.internal.db.DatabaseIntrospector]Found column "editTime", data type 12, in table "mysql..wp_roles"
 [DEBUG] [2018-04-21 22:16:28][org.mybatis.generator.internal.db.DatabaseIntrospector]Found column "delFlag", data type 12, in table "mysql..wp_roles"
 [DEBUG] [2018-04-21 22:16:28][org.mybatis.generator.internal.db.DatabaseIntrospector]Found column "roleCode", data type 12, in table "mysql..wp_roles"
 [DEBUG] [2018-04-21 22:16:28][org.mybatis.generator.internal.db.DatabaseIntrospector]Found column "roleName", data type 12, in table "mysql..wp_roles"
 [DEBUG] [2018-04-21 22:16:28][org.mybatis.generator.internal.db.DatabaseIntrospector]Found column "orderNum", data type 12, in table "mysql..wp_roles"
 [DEBUG] [2018-04-21 22:16:28][org.mybatis.generator.internal.db.DatabaseIntrospector]Found column "isEnable", data type 12, in table "mysql..wp_roles"
 [DEBUG] [2018-04-21 22:16:28][org.mybatis.generator.internal.db.DatabaseIntrospector]Retrieving column information for table "wp_menus"
 [DEBUG] [2018-04-21 22:16:28][org.mybatis.generator.internal.db.DatabaseIntrospector]Found column "id", data type 12, in table "mysql..wp_menus"
 [DEBUG] [2018-04-21 22:16:28][org.mybatis.generator.internal.db.DatabaseIntrospector]Found column "name", data type 12, in table "mysql..wp_menus"
 [DEBUG] [2018-04-21 22:16:28][org.mybatis.generator.internal.db.DatabaseIntrospector]Found column "userId", data type 12, in table "mysql..wp_menus"
 [DEBUG] [2018-04-21 22:16:28][org.mybatis.generator.internal.db.DatabaseIntrospector]Found column "editTime", data type 12, in table "mysql..wp_menus"
 [DEBUG] [2018-04-21 22:16:28][org.mybatis.generator.internal.db.DatabaseIntrospector]Found column "urlLink", data type 12, in table "mysql..wp_menus"
 [DEBUG] [2018-04-21 22:16:28][org.mybatis.generator.internal.db.DatabaseIntrospector]Found column "type", data type 12, in table "mysql..wp_menus"
 [DEBUG] [2018-04-21 22:16:28][org.mybatis.generator.internal.db.DatabaseIntrospector]Found column "status", data type 12, in table "mysql..wp_menus"
 [DEBUG] [2018-04-21 22:16:28][org.mybatis.generator.internal.db.DatabaseIntrospector]Found column "orderNum", data type 12, in table "mysql..wp_menus"
 [DEBUG] [2018-04-21 22:16:28][org.mybatis.generator.internal.db.DatabaseIntrospector]Retrieving column information for table "wp_rolemenus"
 [DEBUG] [2018-04-21 22:16:28][org.mybatis.generator.internal.db.DatabaseIntrospector]Found column "id", data type 12, in table "mysql..wp_rolemenus"
 [DEBUG] [2018-04-21 22:16:28][org.mybatis.generator.internal.db.DatabaseIntrospector]Found column "userId", data type 12, in table "mysql..wp_rolemenus"
 [DEBUG] [2018-04-21 22:16:28][org.mybatis.generator.internal.db.DatabaseIntrospector]Found column "editTime", data type 12, in table "mysql..wp_rolemenus"
 [DEBUG] [2018-04-21 22:16:28][org.mybatis.generator.internal.db.DatabaseIntrospector]Found column "delFlag", data type 12, in table "mysql..wp_rolemenus"
 [DEBUG] [2018-04-21 22:16:28][org.mybatis.generator.internal.db.DatabaseIntrospector]Found column "roleId", data type 12, in table "mysql..wp_rolemenus"
 [DEBUG] [2018-04-21 22:16:28][org.mybatis.generator.internal.db.DatabaseIntrospector]Found column "menuId", data type 12, in table "mysql..wp_rolemenus"
 [DEBUG] [2018-04-21 22:16:28][org.mybatis.generator.internal.db.DatabaseIntrospector]Retrieving column information for table "wp_userrole"
 [DEBUG] [2018-04-21 22:16:28][org.mybatis.generator.internal.db.DatabaseIntrospector]Found column "id", data type 12, in table "mysql..wp_userrole"
 [DEBUG] [2018-04-21 22:16:28][org.mybatis.generator.internal.db.DatabaseIntrospector]Found column "userId", data type 12, in table "mysql..wp_userrole"
 [DEBUG] [2018-04-21 22:16:28][org.mybatis.generator.internal.db.DatabaseIntrospector]Found column "roleId", data type 12, in table "mysql..wp_userrole"
 [DEBUG] [2018-04-21 22:23:31][org.mybatis.generator.internal.db.DatabaseIntrospector]Retrieving column information for table "user"
 [DEBUG] [2018-04-21 22:23:31][org.mybatis.generator.internal.db.DatabaseIntrospector]Found column "Host", data type 1, in table "mysql..user"
 [DEBUG] [2018-04-21 22:23:31][org.mybatis.generator.internal.db.DatabaseIntrospector]Found column "User", data type 1, in table "mysql..user"
 [DEBUG] [2018-04-21 22:23:31][org.mybatis.generator.internal.db.DatabaseIntrospector]Found column "Select_priv", data type 1, in table "mysql..user"
 [DEBUG] [2018-04-21 22:23:31][org.mybatis.generator.internal.db.DatabaseIntrospector]Found column "Insert_priv", data type 1, in table "mysql..user"
 [DEBUG] [2018-04-21 22:23:31][org.mybatis.generator.internal.db.DatabaseIntrospector]Found column "Update_priv", data type 1, in table "mysql..user"
 [DEBUG] [2018-04-21 22:23:31][org.mybatis.generator.internal.db.DatabaseIntrospector]Found column "Delete_priv", data type 1, in table "mysql..user"
 [DEBUG] [2018-04-21 22:23:31][org.mybatis.generator.internal.db.DatabaseIntrospector]Found column "Create_priv", data type 1, in table "mysql..user"
 [DEBUG] [2018-04-21 22:23:31][org.mybatis.generator.internal.db.DatabaseIntrospector]Found column "Drop_priv", data type 1, in table "mysql..user"
 [DEBUG] [2018-04-21 22:23:31][org.mybatis.generator.internal.db.DatabaseIntrospector]Found column "Reload_priv", data type 1, in table "mysql..user"
 [DEBUG] [2018-04-21 22:23:31][org.mybatis.generator.internal.db.DatabaseIntrospector]Found column "Shutdown_priv", data type 1, in table "mysql..user"
 [DEBUG] [2018-04-21 22:23:31][org.mybatis.generator.internal.db.DatabaseIntrospector]Found column "Process_priv", data type 1, in table "mysql..user"
 [DEBUG] [2018-04-21 22:23:31][org.mybatis.generator.internal.db.DatabaseIntrospector]Found column "File_priv", data type 1, in table "mysql..user"
 [DEBUG] [2018-04-21 22:23:31][org.mybatis.generator.internal.db.DatabaseIntrospector]Found column "Grant_priv", data type 1, in table "mysql..user"
 [DEBUG] [2018-04-21 22:23:31][org.mybatis.generator.internal.db.DatabaseIntrospector]Found column "References_priv", data type 1, in table "mysql..user"
 [DEBUG] [2018-04-21 22:23:31][org.mybatis.generator.internal.db.DatabaseIntrospector]Found column "Index_priv", data type 1, in table "mysql..user"
 [DEBUG] [2018-04-21 22:23:31][org.mybatis.generator.internal.db.DatabaseIntrospector]Found column "Alter_priv", data type 1, in table "mysql..user"
 [DEBUG] [2018-04-21 22:23:31][org.mybatis.generator.internal.db.DatabaseIntrospector]Found column "Show_db_priv", data type 1, in table "mysql..user"
 [DEBUG] [2018-04-21 22:23:31][org.mybatis.generator.internal.db.DatabaseIntrospector]Found column "Super_priv", data type 1, in table "mysql..user"
 [DEBUG] [2018-04-21 22:23:31][org.mybatis.generator.internal.db.DatabaseIntrospector]Found column "Create_tmp_table_priv", data type 1, in table "mysql..user"
 [DEBUG] [2018-04-21 22:23:31][org.mybatis.generator.internal.db.DatabaseIntrospector]Found column "Lock_tables_priv", data type 1, in table "mysql..user"
 [DEBUG] [2018-04-21 22:23:31][org.mybatis.generator.internal.db.DatabaseIntrospector]Found column "Execute_priv", data type 1, in table "mysql..user"
 [DEBUG] [2018-04-21 22:23:31][org.mybatis.generator.internal.db.DatabaseIntrospector]Found column "Repl_slave_priv", data type 1, in table "mysql..user"
 [DEBUG] [2018-04-21 22:23:31][org.mybatis.generator.internal.db.DatabaseIntrospector]Found column "Repl_client_priv", data type 1, in table "mysql..user"
 [DEBUG] [2018-04-21 22:23:31][org.mybatis.generator.internal.db.DatabaseIntrospector]Found column "Create_view_priv", data type 1, in table "mysql..user"
 [DEBUG] [2018-04-21 22:23:31][org.mybatis.generator.internal.db.DatabaseIntrospector]Found column "Show_view_priv", data type 1, in table "mysql..user"
 [DEBUG] [2018-04-21 22:23:31][org.mybatis.generator.internal.db.DatabaseIntrospector]Found column "Create_routine_priv", data type 1, in table "mysql..user"
 [DEBUG] [2018-04-21 22:23:31][org.mybatis.generator.internal.db.DatabaseIntrospector]Found column "Alter_routine_priv", data type 1, in table "mysql..user"
 [DEBUG] [2018-04-21 22:23:31][org.mybatis.generator.internal.db.DatabaseIntrospector]Found column "Create_user_priv", data type 1, in table "mysql..user"
 [DEBUG] [2018-04-21 22:23:31][org.mybatis.generator.internal.db.DatabaseIntrospector]Found column "Event_priv", data type 1, in table "mysql..user"
 [DEBUG] [2018-04-21 22:23:31][org.mybatis.generator.internal.db.DatabaseIntrospector]Found column "Trigger_priv", data type 1, in table "mysql..user"
 [DEBUG] [2018-04-21 22:23:31][org.mybatis.generator.internal.db.DatabaseIntrospector]Found column "Create_tablespace_priv", data type 1, in table "mysql..user"
 [DEBUG] [2018-04-21 22:23:31][org.mybatis.generator.internal.db.DatabaseIntrospector]Found column "ssl_type", data type 1, in table "mysql..user"
 [DEBUG] [2018-04-21 22:23:31][org.mybatis.generator.internal.db.DatabaseIntrospector]Found column "ssl_cipher", data type -4, in table "mysql..user"
 [DEBUG] [2018-04-21 22:23:31][org.mybatis.generator.internal.db.DatabaseIntrospector]Found column "x509_issuer", data type -4, in table "mysql..user"
 [DEBUG] [2018-04-21 22:23:31][org.mybatis.generator.internal.db.DatabaseIntrospector]Found column "x509_subject", data type -4, in table "mysql..user"
 [DEBUG] [2018-04-21 22:23:31][org.mybatis.generator.internal.db.DatabaseIntrospector]Found column "max_questions", data type 4, in table "mysql..user"
 [DEBUG] [2018-04-21 22:23:31][org.mybatis.generator.internal.db.DatabaseIntrospector]Found column "max_updates", data type 4, in table "mysql..user"
 [DEBUG] [2018-04-21 22:23:31][org.mybatis.generator.internal.db.DatabaseIntrospector]Found column "max_connections", data type 4, in table "mysql..user"
 [DEBUG] [2018-04-21 22:23:31][org.mybatis.generator.internal.db.DatabaseIntrospector]Found column "max_user_connections", data type 4, in table "mysql..user"
 [DEBUG] [2018-04-21 22:23:31][org.mybatis.generator.internal.db.DatabaseIntrospector]Found column "plugin", data type 1, in table "mysql..user"
 [DEBUG] [2018-04-21 22:23:31][org.mybatis.generator.internal.db.DatabaseIntrospector]Found column "authentication_string", data type -1, in table "mysql..user"
 [DEBUG] [2018-04-21 22:23:31][org.mybatis.generator.internal.db.DatabaseIntrospector]Found column "password_expired", data type 1, in table "mysql..user"
 [DEBUG] [2018-04-21 22:23:31][org.mybatis.generator.internal.db.DatabaseIntrospector]Found column "password_last_changed", data type 93, in table "mysql..user"
 [DEBUG] [2018-04-21 22:23:31][org.mybatis.generator.internal.db.DatabaseIntrospector]Found column "password_lifetime", data type 5, in table "mysql..user"
 [DEBUG] [2018-04-21 22:23:31][org.mybatis.generator.internal.db.DatabaseIntrospector]Found column "account_locked", data type 1, in table "mysql..user"
 